{
  "0 debug pnpm:scope": {
    "selected": 1
  },
  "1 error pnpm": {
    "code": "ELIFECYCLE",
    "errno": "ENOENT",
    "syscall": "spawn",
    "file": "sh",
    "pkgid": "backend-with-ci@",
    "stage": "dev",
    "script": "nodemon",
    "pkgname": "backend-with-ci",
    "err": {
      "name": "pnpm",
      "message": "backend-with-ci@ dev: `nodemon`\nspawn ENOENT",
      "code": "ELIFECYCLE",
      "stack": "pnpm: backend-with-ci@ dev: `nodemon`\nspawn ENOENT\n    at ChildProcess.<anonymous> (/home/martin/.nvm/versions/node/v16.13.2/lib/node_modules/pnpm/dist/pnpm.cjs:93294:22)\n    at ChildProcess.emit (node:events:390:28)\n    at maybeClose (node:internal/child_process:1064:16)\n    at Process.ChildProcess._handle.onexit (node:internal/child_process:301:5)"
    }
  },
  "2 warn pnpm:global": " Local package.json exists, but node_modules missing, did you mean to install?"
}